<?xml version="1.0" encoding="UTF-8"?>
<!-- Generated by org.testng.reporters.JUnitXMLReporter -->
<testsuite hostname="DESKTOP-FH7UQU6" ignored="0" name="Prime Penguin Tests" tests="10" failures="0" timestamp="2022-02-17T15:06:44 IST" time="433.373" errors="0">
  <testcase name="testPrimePenguinLogin" time="28.596" classname="com.primepenguin.test.PPWooCommerceTest"/>
  <testcase name="testWooCommerceSalesChannelIntegration" time="49.293" classname="com.primepenguin.test.PPWooCommerceTest"/>
  <testcase name="testSaveDefaultProductMapping" time="15.533" classname="com.primepenguin.test.PPWooCommerceTest"/>
  <testcase name="testWooCommerceLogin" time="11.75" classname="com.primepenguin.test.PPWooCommerceTest"/>
  <testcase name="testCreateWooCommerceSimpleProductOrder" time="40.856" classname="com.primepenguin.test.PPWooCommerceTest"/>
  <testcase name="testIsOrderFetchedInPrimePenguin" time="131.205" classname="com.primepenguin.test.PPWooCommerceTest"/>
  <testcase name="testAuthenitcateAPI" time="6.41" classname="com.primepenguin.test.PPWooCommerceTest"/>
  <testcase name="testUpdateOrderFulfillmentStatusAPI" time="7.035" classname="com.primepenguin.test.PPWooCommerceTest"/>
  <testcase name="testIsOrderFulfilled" time="104.963" classname="com.primepenguin.test.PPWooCommerceTest"/>
  <testcase name="testDeactivateShopifySaleChannelIntegration" time="17.109" classname="com.primepenguin.test.PPWooCommerceTest"/>
</testsuite> <!-- Prime Penguin Tests -->
