<?xml version="1.0" encoding="UTF-8"?>
<!-- Generated by org.testng.reporters.JUnitXMLReporter -->
<testsuite hostname="DESKTOP-FH7UQU6" ignored="0" name="Prime Penguin Tests" tests="10" failures="1" timestamp="2022-02-16T15:37:34 IST" time="178.4" errors="0">
  <testcase name="@AfterClass tearDown" time="0.894" classname="com.primepenguin.test.BaseTest">
    <failure type="org.openqa.selenium.NoSuchSessionException" message="Session ID is null. Using WebDriver after calling quit()?
Build info: version: &amp;apos;3.141.59&amp;apos;, revision: &amp;apos;e82be7d358&amp;apos;, time: &amp;apos;2018-11-14T08:17:03&amp;apos;
System info: host: &amp;apos;DESKTOP-FH7UQU6&amp;apos;, ip: &amp;apos;10.0.75.1&amp;apos;, os.name: &amp;apos;Windows 10&amp;apos;, os.arch: &amp;apos;amd64&amp;apos;, os.version: &amp;apos;10.0&amp;apos;, java.version: &amp;apos;1.8.0_231&amp;apos;
Driver info: driver.version: RemoteWebDriver">
      <![CDATA[org.openqa.selenium.NoSuchSessionException: Session ID is null. Using WebDriver after calling quit()?
Build info: version: '3.141.59', revision: 'e82be7d358', time: '2018-11-14T08:17:03'
System info: host: 'DESKTOP-FH7UQU6', ip: '10.0.75.1', os.name: 'Windows 10', os.arch: 'amd64', os.version: '10.0', java.version: '1.8.0_231'
Driver info: driver.version: RemoteWebDriver
at org.openqa.selenium.remote.HttpCommandExecutor.execute(HttpCommandExecutor.java:125)
at org.openqa.selenium.remote.service.DriverCommandExecutor.execute(DriverCommandExecutor.java:83)
at org.openqa.selenium.remote.RemoteWebDriver.execute(RemoteWebDriver.java:552)
at org.openqa.selenium.remote.RemoteWebDriver.execute(RemoteWebDriver.java:609)
at org.openqa.selenium.remote.RemoteWebDriver.close(RemoteWebDriver.java:442)
at com.primepenguin.core.driver.AbstractDriverManager.quitWebDriver(AbstractDriverManager.java:13)
at com.primepenguin.test.BaseTest.tearDown(BaseTest.java:46)
at java.util.ArrayList.forEach(ArrayList.java:1257)
... Removed 25 stack frames]]>
    </failure>
  </testcase> <!-- @AfterClass tearDown -->
  <testcase name="testPrimePenguinLogin" time="28.052" classname="com.primepenguin.test.PPWooCommerceTest"/>
  <testcase name="testWooCommerceSalesChannelIntegration" time="43.713" classname="com.primepenguin.test.PPWooCommerceTest"/>
  <testcase name="testSaveDefaultProductMapping" time="18.683" classname="com.primepenguin.test.PPWooCommerceTest"/>
  <testcase name="testWooCommerceLogin" time="11.352" classname="com.primepenguin.test.PPWooCommerceTest"/>
  <testcase name="testCreateWooCommerceSimpleProductOrder" time="57.992" classname="com.primepenguin.test.PPWooCommerceTest">
    <failure type="java.lang.AssertionError" message="null">
      <![CDATA[java.lang.AssertionError: null
at com.primepenguin.service.impl.WooCommerceServiceImpl.createWooCoomerceOrder(WooCommerceServiceImpl.java:120)
at com.primepenguin.test.PPWooCommerceTest.testCreateWooCommerceSimpleProductOrder(PPWooCommerceTest.java:71)
at java.util.ArrayList.forEach(ArrayList.java:1257)
... Removed 29 stack frames]]>
    </failure>
  </testcase> <!-- testCreateWooCommerceSimpleProductOrder -->
  <testcase name="testIsOrderFetchedInPrimePenguin" time="0.0" classname="com.primepenguin.test.PPWooCommerceTest">
    <skipped/>
  </testcase> <!-- testIsOrderFetchedInPrimePenguin -->
  <testcase name="testAuthenitcateAPI" time="0.0" classname="com.primepenguin.test.PPWooCommerceTest">
    <skipped/>
  </testcase> <!-- testAuthenitcateAPI -->
  <testcase name="testUpdateOrderFulfillmentStatusAPI" time="0.0" classname="com.primepenguin.test.PPWooCommerceTest">
    <skipped/>
  </testcase> <!-- testUpdateOrderFulfillmentStatusAPI -->
  <testcase name="testIsOrderFulfilled" time="0.0" classname="com.primepenguin.test.PPWooCommerceTest">
    <skipped/>
  </testcase> <!-- testIsOrderFulfilled -->
  <testcase name="testDeactivateShopifySaleChannelIntegration" time="0.0" classname="com.primepenguin.test.PPWooCommerceTest">
    <skipped/>
  </testcase> <!-- testDeactivateShopifySaleChannelIntegration -->
</testsuite> <!-- Prime Penguin Tests -->
