<?xml version="1.0" encoding="UTF-8"?>
<testng-results skipped="0" failed="0" ignored="0" total="10" passed="10">
  <reporter-output>
  </reporter-output>
  <suite name="Test Suite" duration-ms="433373" started-at="2022-02-17T14:59:31 IST" finished-at="2022-02-17T15:06:44 IST">
    <groups>
    </groups>
    <test name="Prime Penguin Tests" duration-ms="433373" started-at="2022-02-17T14:59:31 IST" finished-at="2022-02-17T15:06:44 IST">
      <class name="com.primepenguin.test.PPWooCommerceTest">
        <test-method status="PASS" signature="initializeBaseSetUp()[pri:0, instance:com.primepenguin.test.PPWooCommerceTest@23fe1d71]" name="initializeBaseSetUp" is-config="true" duration-ms="15120" started-at="2022-02-17T14:59:31 IST" finished-at="2022-02-17T14:59:46 IST">
          <reporter-output>
          </reporter-output>
        </test-method> <!-- initializeBaseSetUp -->
        <test-method status="PASS" signature="initializeServices()[pri:0, instance:com.primepenguin.test.PPWooCommerceTest@23fe1d71]" name="initializeServices" is-config="true" duration-ms="16" started-at="2022-02-17T14:59:46 IST" finished-at="2022-02-17T14:59:46 IST">
          <reporter-output>
          </reporter-output>
        </test-method> <!-- initializeServices -->
        <test-method status="PASS" signature="testPrimePenguinLogin()[pri:1, instance:com.primepenguin.test.PPWooCommerceTest@23fe1d71]" name="testPrimePenguinLogin" duration-ms="28596" started-at="2022-02-17T14:59:46 IST" finished-at="2022-02-17T15:00:14 IST">
          <reporter-output>
          </reporter-output>
        </test-method> <!-- testPrimePenguinLogin -->
        <test-method status="PASS" signature="testWooCommerceSalesChannelIntegration()[pri:2, instance:com.primepenguin.test.PPWooCommerceTest@23fe1d71]" name="testWooCommerceSalesChannelIntegration" duration-ms="49293" started-at="2022-02-17T15:00:15 IST" depends-on-methods="com.primepenguin.test.PPWooCommerceTest.testPrimePenguinLogin" finished-at="2022-02-17T15:01:04 IST">
          <reporter-output>
          </reporter-output>
        </test-method> <!-- testWooCommerceSalesChannelIntegration -->
        <test-method status="PASS" signature="testSaveDefaultProductMapping()[pri:3, instance:com.primepenguin.test.PPWooCommerceTest@23fe1d71]" name="testSaveDefaultProductMapping" duration-ms="15533" started-at="2022-02-17T15:01:05 IST" depends-on-methods="com.primepenguin.test.PPWooCommerceTest.testWooCommerceSalesChannelIntegration" finished-at="2022-02-17T15:01:20 IST">
          <reporter-output>
          </reporter-output>
        </test-method> <!-- testSaveDefaultProductMapping -->
        <test-method status="PASS" signature="testWooCommerceLogin()[pri:4, instance:com.primepenguin.test.PPWooCommerceTest@23fe1d71]" name="testWooCommerceLogin" duration-ms="11750" started-at="2022-02-17T15:01:21 IST" depends-on-methods="com.primepenguin.test.PPWooCommerceTest.testWooCommerceSalesChannelIntegration" finished-at="2022-02-17T15:01:32 IST">
          <reporter-output>
          </reporter-output>
        </test-method> <!-- testWooCommerceLogin -->
        <test-method status="PASS" signature="testCreateWooCommerceSimpleProductOrder()[pri:5, instance:com.primepenguin.test.PPWooCommerceTest@23fe1d71]" name="testCreateWooCommerceSimpleProductOrder" duration-ms="40856" started-at="2022-02-17T15:01:33 IST" depends-on-methods="com.primepenguin.test.PPWooCommerceTest.testWooCommerceLogin" finished-at="2022-02-17T15:02:14 IST">
          <reporter-output>
          </reporter-output>
        </test-method> <!-- testCreateWooCommerceSimpleProductOrder -->
        <test-method status="PASS" signature="testIsOrderFetchedInPrimePenguin()[pri:6, instance:com.primepenguin.test.PPWooCommerceTest@23fe1d71]" name="testIsOrderFetchedInPrimePenguin" duration-ms="131205" started-at="2022-02-17T15:02:14 IST" depends-on-methods="com.primepenguin.test.PPWooCommerceTest.testCreateWooCommerceSimpleProductOrder" finished-at="2022-02-17T15:04:25 IST">
          <reporter-output>
          </reporter-output>
        </test-method> <!-- testIsOrderFetchedInPrimePenguin -->
        <test-method status="PASS" signature="testAuthenitcateAPI()[pri:7, instance:com.primepenguin.test.PPWooCommerceTest@23fe1d71]" name="testAuthenitcateAPI" duration-ms="6410" started-at="2022-02-17T15:04:25 IST" depends-on-methods="com.primepenguin.test.PPWooCommerceTest.testIsOrderFetchedInPrimePenguin" finished-at="2022-02-17T15:04:32 IST">
          <reporter-output>
          </reporter-output>
        </test-method> <!-- testAuthenitcateAPI -->
        <test-method status="PASS" signature="testUpdateOrderFulfillmentStatusAPI()[pri:8, instance:com.primepenguin.test.PPWooCommerceTest@23fe1d71]" name="testUpdateOrderFulfillmentStatusAPI" duration-ms="7035" started-at="2022-02-17T15:04:32 IST" depends-on-methods="com.primepenguin.test.PPWooCommerceTest.testAuthenitcateAPI" finished-at="2022-02-17T15:04:39 IST">
          <reporter-output>
          </reporter-output>
        </test-method> <!-- testUpdateOrderFulfillmentStatusAPI -->
        <test-method status="PASS" signature="testIsOrderFulfilled()[pri:9, instance:com.primepenguin.test.PPWooCommerceTest@23fe1d71]" name="testIsOrderFulfilled" duration-ms="104963" started-at="2022-02-17T15:04:39 IST" depends-on-methods="com.primepenguin.test.PPWooCommerceTest.testUpdateOrderFulfillmentStatusAPI" finished-at="2022-02-17T15:06:24 IST">
          <reporter-output>
          </reporter-output>
        </test-method> <!-- testIsOrderFulfilled -->
        <test-method status="PASS" signature="testDeactivateShopifySaleChannelIntegration()[pri:10, instance:com.primepenguin.test.PPWooCommerceTest@23fe1d71]" name="testDeactivateShopifySaleChannelIntegration" duration-ms="17109" started-at="2022-02-17T15:06:25 IST" depends-on-methods="com.primepenguin.test.PPWooCommerceTest.testIsOrderFulfilled" finished-at="2022-02-17T15:06:42 IST">
          <reporter-output>
          </reporter-output>
        </test-method> <!-- testDeactivateShopifySaleChannelIntegration -->
        <test-method status="PASS" signature="tearDown()[pri:0, instance:com.primepenguin.test.PPWooCommerceTest@23fe1d71]" name="tearDown" is-config="true" duration-ms="1776" started-at="2022-02-17T15:06:42 IST" finished-at="2022-02-17T15:06:44 IST">
          <reporter-output>
          </reporter-output>
        </test-method> <!-- tearDown -->
      </class> <!-- com.primepenguin.test.PPWooCommerceTest -->
    </test> <!-- Prime Penguin Tests -->
  </suite> <!-- Test Suite -->
</testng-results>
